<?xml version="1.0" encoding="UTF-8"?>
<!-- Generated by org.testng.reporters.JUnitReportReporter -->
<testsuite hostname="HP15-dk0272TX" failures="0" tests="1" name="com.zohocrm.testscript.CampaignModule" time="3.116" errors="0" timestamp="2022-11-03T12:30:08 IST" skipped="0">
  <testcase classname="com.zohocrm.testscript.CampaignModule" name="testCreateCampign" time="3.116"/>
  <system-out>
    <![CDATA[pass]]>
  </system-out>
</testsuite> <!-- com.zohocrm.testscript.CampaignModule -->
