<?xml version="1.0" encoding="UTF-8"?>
<!-- Generated by org.testng.reporters.JUnitReportReporter -->
<testsuite hostname="hp" failures="0" tests="1" name="com.zohocrm.pom.Campign" time="0.642" errors="0" timestamp="2022-10-28T17:00:44 IST" skipped="0">
  <testcase classname="com.zohocrm.pom.Campign" name="createCampign" time="0.642"/>
  <system-out>
    <![CDATA[Create Campign]]>
  </system-out>
</testsuite> <!-- com.zohocrm.pom.Campign -->
